<?xml version="1.0" encoding="UTF-8"?>
<testsuite name="sayit.StorageTest" tests="4" skipped="0" failures="0" errors="0" timestamp="2023-06-08T03:06:58" hostname="LAPTOP-NHC17941" time="0.055">
  <properties/>
  <testcase name="addQuestion()" classname="sayit.StorageTest" time="0.011"/>
  <testcase name="getAnswer()" classname="sayit.StorageTest" time="0.009"/>
  <testcase name="clearAll()" classname="sayit.StorageTest" time="0.016"/>
  <testcase name="deleteQuestion()" classname="sayit.StorageTest" time="0.005"/>
  <system-out><![CDATA[]]></system-out>
  <system-err><![CDATA[]]></system-err>
</testsuite>
