<?xml version="1.0" encoding="UTF-8"?>
<testsuite name="sayit.ButtonCoordinatorTest" tests="4" skipped="0" failures="0" errors="0" timestamp="2023-05-30T06:19:51" hostname="DENNIS-XPS-15" time="0.122">
  <properties/>
  <testcase name="testgetCurQ()" classname="sayit.ButtonCoordinatorTest" time="0.014"/>
  <testcase name="testsetCurQ()" classname="sayit.ButtonCoordinatorTest" time="0.001"/>
  <testcase name="testgetCurButton()" classname="sayit.ButtonCoordinatorTest" time="0.106"/>
  <testcase name="testsetCurButton()" classname="sayit.ButtonCoordinatorTest" time="0.0"/>
  <system-out><![CDATA[]]></system-out>
  <system-err><![CDATA[]]></system-err>
</testsuite>
