<?xml version="1.0" encoding="UTF-8"?>
<<<<<<< HEAD
<testsuite name="sayit.StorageTest" tests="4" skipped="0" failures="0" errors="0" timestamp="2023-06-08T17:50:20" hostname="DENNIS-XPS-15" time="0.002">
  <properties/>
  <testcase name="addQuestion()" classname="sayit.StorageTest" time="0.001"/>
  <testcase name="getAnswer()" classname="sayit.StorageTest" time="0.0"/>
  <testcase name="clearAll()" classname="sayit.StorageTest" time="0.0"/>
  <testcase name="deleteQuestion()" classname="sayit.StorageTest" time="0.0"/>
=======
<testsuite name="sayit.StorageTest" tests="4" skipped="0" failures="0" errors="0" timestamp="2023-06-08T07:24:21" hostname="LAPTOP-NHC17941" time="0.054">
  <properties/>
  <testcase name="addQuestion()" classname="sayit.StorageTest" time="0.035"/>
  <testcase name="getAnswer()" classname="sayit.StorageTest" time="0.002"/>
  <testcase name="clearAll()" classname="sayit.StorageTest" time="0.001"/>
  <testcase name="deleteQuestion()" classname="sayit.StorageTest" time="0.011"/>
>>>>>>> main
  <system-out><![CDATA[]]></system-out>
  <system-err><![CDATA[]]></system-err>
</testsuite>
