<?xml version="1.0" encoding="UTF-8"?>
<<<<<<< HEAD
<testsuite name="sayit.ButtonCoordinatorTest" tests="4" skipped="0" failures="0" errors="0" timestamp="2023-06-08T17:50:20" hostname="DENNIS-XPS-15" time="0.079">
  <properties/>
  <testcase name="testgetCurQ()" classname="sayit.ButtonCoordinatorTest" time="0.0"/>
  <testcase name="testsetCurQ()" classname="sayit.ButtonCoordinatorTest" time="0.001"/>
  <testcase name="testgetCurButton()" classname="sayit.ButtonCoordinatorTest" time="0.077"/>
  <testcase name="testsetCurButton()" classname="sayit.ButtonCoordinatorTest" time="0.001"/>
=======
<testsuite name="sayit.ButtonCoordinatorTest" tests="4" skipped="0" failures="0" errors="0" timestamp="2023-06-08T07:24:20" hostname="LAPTOP-NHC17941" time="0.587">
  <properties/>
  <testcase name="testgetCurQ()" classname="sayit.ButtonCoordinatorTest" time="0.004"/>
  <testcase name="testsetCurQ()" classname="sayit.ButtonCoordinatorTest" time="0.006"/>
  <testcase name="testgetCurButton()" classname="sayit.ButtonCoordinatorTest" time="0.559"/>
  <testcase name="testsetCurButton()" classname="sayit.ButtonCoordinatorTest" time="0.005"/>
>>>>>>> main
  <system-out><![CDATA[]]></system-out>
  <system-err><![CDATA[]]></system-err>
</testsuite>
