<?xml version="1.0" encoding="UTF-8"?>
<testsuite name="sayit.ButtonCoordinatorTest" tests="4" skipped="0" failures="0" errors="0" timestamp="2023-05-15T04:30:41" hostname="DESKTOP-R65DMBE" time="0.079">
  <properties/>
  <testcase name="testgetCurQ()" classname="sayit.ButtonCoordinatorTest" time="0.017"/>
  <testcase name="testsetCurQ()" classname="sayit.ButtonCoordinatorTest" time="0.001"/>
  <testcase name="testgetCurButton()" classname="sayit.ButtonCoordinatorTest" time="0.058"/>
  <testcase name="testsetCurButton()" classname="sayit.ButtonCoordinatorTest" time="0.001"/>
  <system-out><![CDATA[]]></system-out>
  <system-err><![CDATA[]]></system-err>
</testsuite>
