<?xml version="1.0" encoding="UTF-8"?>
<<<<<<< HEAD
<testsuite name="sayit.ConnectTest" tests="2" skipped="0" failures="0" errors="0" timestamp="2023-05-15T04:30:41" hostname="DESKTOP-R65DMBE" time="0.002">
  <properties/>
  <testcase name="audioNotFound()" classname="sayit.ConnectTest" time="0.001"/>
  <testcase name="audioFound()" classname="sayit.ConnectTest" time="0.001"/>
=======
<testsuite name="sayit.ConnectTest" tests="2" skipped="0" failures="0" errors="0" timestamp="2023-05-15T03:43:12" hostname="LAPTOP-NHC17941" time="0.026">
  <properties/>
  <testcase name="audioNotFound()" classname="sayit.ConnectTest" time="0.016"/>
  <testcase name="audioFound()" classname="sayit.ConnectTest" time="0.006"/>
>>>>>>> main
  <system-out><![CDATA[]]></system-out>
  <system-err><![CDATA[]]></system-err>
</testsuite>
