<?xml version="1.0" encoding="UTF-8"?>
<testsuite name="sayit.ButtonCoordinatorTest" tests="4" skipped="0" failures="0" errors="0" timestamp="2023-06-06T05:43:12" hostname="LAPTOP-NHC17941" time="0.511">
  <properties/>
  <testcase name="testgetCurQ()" classname="sayit.ButtonCoordinatorTest" time="0.005"/>
  <testcase name="testsetCurQ()" classname="sayit.ButtonCoordinatorTest" time="0.004"/>
  <testcase name="testgetCurButton()" classname="sayit.ButtonCoordinatorTest" time="0.488"/>
  <testcase name="testsetCurButton()" classname="sayit.ButtonCoordinatorTest" time="0.003"/>
  <system-out><![CDATA[]]></system-out>
  <system-err><![CDATA[]]></system-err>
</testsuite>
