<?xml version="1.0" encoding="UTF-8"?>
<testsuite name="sayit.StorageTest" tests="4" skipped="0" failures="0" errors="0" timestamp="2023-06-05T05:14:29" hostname="LAPTOP-NHC17941" time="0.024">
  <properties/>
  <testcase name="addQuestion()" classname="sayit.StorageTest" time="0.01"/>
  <testcase name="getAnswer()" classname="sayit.StorageTest" time="0.001"/>
  <testcase name="clearAll()" classname="sayit.StorageTest" time="0.002"/>
  <testcase name="deleteQuestion()" classname="sayit.StorageTest" time="0.004"/>
  <system-out><![CDATA[]]></system-out>
  <system-err><![CDATA[]]></system-err>
</testsuite>
