<?xml version="1.0" encoding="UTF-8"?>
<testsuite name="sayit.ButtonCoordinatorTest" tests="4" skipped="0" failures="0" errors="0" timestamp="2023-05-29T00:58:27" hostname="LAPTOP-NHC17941" time="0.549">
  <properties/>
  <testcase name="testgetCurQ()" classname="sayit.ButtonCoordinatorTest" time="0.09"/>
  <testcase name="testsetCurQ()" classname="sayit.ButtonCoordinatorTest" time="0.003"/>
  <testcase name="testgetCurButton()" classname="sayit.ButtonCoordinatorTest" time="0.426"/>
  <testcase name="testsetCurButton()" classname="sayit.ButtonCoordinatorTest" time="0.007"/>
  <system-out><![CDATA[]]></system-out>
  <system-err><![CDATA[]]></system-err>
</testsuite>
