<?xml version="1.0" encoding="UTF-8"?>
<testsuite name="sayit.AccountTest" tests="2" skipped="0" failures="0" errors="0" timestamp="2023-06-02T01:28:18" hostname="LAPTOP-NHC17941" time="0.115">
  <properties/>
  <testcase name="loginTest()" classname="sayit.AccountTest" time="0.101"/>
  <testcase name="createTest()" classname="sayit.AccountTest" time="0.003"/>
  <system-out><![CDATA[]]></system-out>
  <system-err><![CDATA[]]></system-err>
</testsuite>
