<?xml version="1.0" encoding="UTF-8"?>
<testsuite name="sayit.ConnectTest" tests="2" skipped="0" failures="0" errors="0" timestamp="2023-05-29T00:58:27" hostname="LAPTOP-NHC17941" time="0.028">
  <properties/>
  <testcase name="audioNotFound()" classname="sayit.ConnectTest" time="0.01"/>
  <testcase name="audioFound()" classname="sayit.ConnectTest" time="0.013"/>
  <system-out><![CDATA[]]></system-out>
  <system-err><![CDATA[]]></system-err>
</testsuite>
