<?xml version="1.0" encoding="UTF-8"?>
<testsuite name="sayit.AutoLoginTest" tests="2" skipped="0" failures="0" errors="0" timestamp="2023-06-08T07:24:20" hostname="LAPTOP-NHC17941" time="0.084">
  <properties/>
  <testcase name="loginTest()" classname="sayit.AutoLoginTest" time="0.043"/>
  <testcase name="createTest()" classname="sayit.AutoLoginTest" time="0.023"/>
  <system-out><![CDATA[Running export login
Testing if autologin is enabled
Reading file
String Boolean: true
Returning true
Running export login
Running export login
Testing if autologin is enabled
Reading file
String Boolean: true
Returning true
]]></system-out>
  <system-err><![CDATA[]]></system-err>
</testsuite>
