<?xml version="1.0" encoding="UTF-8"?>
<<<<<<< HEAD
<testsuite name="sayit.ButtonCoordinatorTest" tests="4" skipped="0" failures="0" errors="0" timestamp="2023-06-08T05:45:03" hostname="DENNIS-XPS-15" time="0.072">
  <properties/>
  <testcase name="testgetCurQ()" classname="sayit.ButtonCoordinatorTest" time="0.0"/>
  <testcase name="testsetCurQ()" classname="sayit.ButtonCoordinatorTest" time="0.0"/>
  <testcase name="testgetCurButton()" classname="sayit.ButtonCoordinatorTest" time="0.069"/>
  <testcase name="testsetCurButton()" classname="sayit.ButtonCoordinatorTest" time="0.001"/>
=======
<testsuite name="sayit.ButtonCoordinatorTest" tests="4" skipped="0" failures="0" errors="0" timestamp="2023-06-08T05:38:50" hostname="LAPTOP-NHC17941" time="0.482">
  <properties/>
  <testcase name="testgetCurQ()" classname="sayit.ButtonCoordinatorTest" time="0.003"/>
  <testcase name="testsetCurQ()" classname="sayit.ButtonCoordinatorTest" time="0.006"/>
  <testcase name="testgetCurButton()" classname="sayit.ButtonCoordinatorTest" time="0.449"/>
  <testcase name="testsetCurButton()" classname="sayit.ButtonCoordinatorTest" time="0.004"/>
>>>>>>> US10
  <system-out><![CDATA[]]></system-out>
  <system-err><![CDATA[]]></system-err>
</testsuite>
