<?xml version="1.0" encoding="UTF-8"?>
<testsuite name="sayit.Story3Test1" tests="1" skipped="0" failures="0" errors="0" timestamp="2023-05-29T00:58:27" hostname="LAPTOP-NHC17941" time="0.007">
  <properties/>
  <testcase name="testDeleteQuestionWithoutSelection()" classname="sayit.Story3Test1" time="0.007"/>
  <system-out><![CDATA[]]></system-out>
  <system-err><![CDATA[]]></system-err>
</testsuite>
