<?xml version="1.0" encoding="UTF-8"?>
<testsuite name="sayit.LoginTest" tests="1" skipped="0" failures="0" errors="0" timestamp="2023-05-30T04:54:35" hostname="DENNIS-XPS-15" time="0.024">
  <properties/>
  <testcase name="correctLogin()" classname="sayit.LoginTest" time="0.024"/>
  <system-out><![CDATA[Started Server
]]></system-out>
  <system-err><![CDATA[]]></system-err>
</testsuite>
