<?xml version="1.0" encoding="UTF-8"?>
<<<<<<< HEAD
<testsuite name="sayit.DatabaseTest" tests="1" skipped="0" failures="0" errors="0" timestamp="2023-06-08T17:50:20" hostname="DENNIS-XPS-15" time="0.0">
  <properties/>
  <testcase name="tests()" classname="sayit.DatabaseTest" time="0.0"/>
=======
<testsuite name="sayit.DatabaseTest" tests="1" skipped="0" failures="0" errors="0" timestamp="2023-06-08T07:24:21" hostname="LAPTOP-NHC17941" time="0.005">
  <properties/>
  <testcase name="tests()" classname="sayit.DatabaseTest" time="0.005"/>
>>>>>>> main
  <system-out><![CDATA[]]></system-out>
  <system-err><![CDATA[]]></system-err>
</testsuite>
