<?xml version="1.0" encoding="UTF-8"?>
<testsuite name="sayit.SaveEmailTest" tests="1" skipped="0" failures="0" errors="0" timestamp="2023-06-08T03:06:58" hostname="LAPTOP-NHC17941" time="0.01">
  <properties/>
  <testcase name="parseTest()" classname="sayit.SaveEmailTest" time="0.01"/>
  <system-out><![CDATA[]]></system-out>
  <system-err><![CDATA[]]></system-err>
</testsuite>
