<?xml version="1.0" encoding="UTF-8"?>
<testsuite name="sayit.ButtonCoordinatorTest" tests="4" skipped="0" failures="0" errors="0" timestamp="2023-05-15T00:28:54" hostname="LAPTOP-NHC17941" time="1.101">
  <properties/>
  <testcase name="testgetCurQ()" classname="sayit.ButtonCoordinatorTest" time="0.138"/>
  <testcase name="testsetCurQ()" classname="sayit.ButtonCoordinatorTest" time="0.017"/>
  <testcase name="testgetCurButton()" classname="sayit.ButtonCoordinatorTest" time="0.924"/>
  <testcase name="testsetCurButton()" classname="sayit.ButtonCoordinatorTest" time="0.006"/>
  <system-out><![CDATA[]]></system-out>
  <system-err><![CDATA[]]></system-err>
</testsuite>
