<?xml version="1.0" encoding="UTF-8"?>
<testsuite name="sayit.AccountTest" tests="2" skipped="0" failures="0" errors="0" timestamp="2023-05-31T04:06:59" hostname="LAPTOP-NHC17941" time="0.141">
  <properties/>
  <testcase name="loginTest()" classname="sayit.AccountTest" time="0.131"/>
  <testcase name="createTest()" classname="sayit.AccountTest" time="0.004"/>
  <system-out><![CDATA[]]></system-out>
  <system-err><![CDATA[]]></system-err>
</testsuite>
