<?xml version="1.0" encoding="UTF-8"?>
<<<<<<< HEAD
<testsuite name="sayit.DatabaseTest" tests="1" skipped="0" failures="0" errors="0" timestamp="2023-06-08T05:45:03" hostname="DENNIS-XPS-15" time="0.001">
  <properties/>
  <testcase name="tests()" classname="sayit.DatabaseTest" time="0.001"/>
=======
<testsuite name="sayit.DatabaseTest" tests="1" skipped="0" failures="0" errors="0" timestamp="2023-06-08T05:38:50" hostname="LAPTOP-NHC17941" time="0.004">
  <properties/>
  <testcase name="tests()" classname="sayit.DatabaseTest" time="0.004"/>
>>>>>>> US10
  <system-out><![CDATA[]]></system-out>
  <system-err><![CDATA[]]></system-err>
</testsuite>
