<?xml version="1.0" encoding="UTF-8"?>
<testsuite name="sayit.AccountTest" tests="2" skipped="0" failures="0" errors="0" timestamp="2023-06-07T03:14:58" hostname="DENNIS-XPS-15" time="0.02">
  <properties/>
  <testcase name="loginTest()" classname="sayit.AccountTest" time="0.019"/>
  <testcase name="createTest()" classname="sayit.AccountTest" time="0.0"/>
  <system-out><![CDATA[]]></system-out>
  <system-err><![CDATA[]]></system-err>
</testsuite>
