<?xml version="1.0" encoding="UTF-8"?>
<testsuite name="sayit.StorageTest" tests="4" skipped="0" failures="0" errors="0" timestamp="2023-05-15T00:28:56" hostname="LAPTOP-NHC17941" time="0.066">
  <properties/>
  <testcase name="addQuestion()" classname="sayit.StorageTest" time="0.017"/>
  <testcase name="getAnswer()" classname="sayit.StorageTest" time="0.011"/>
  <testcase name="clearAll()" classname="sayit.StorageTest" time="0.003"/>
  <testcase name="deleteQuestion()" classname="sayit.StorageTest" time="0.01"/>
  <system-out><![CDATA[]]></system-out>
  <system-err><![CDATA[]]></system-err>
</testsuite>
