<?xml version="1.0" encoding="UTF-8"?>
<testsuite name="sayit.CreateEmailTest" tests="1" skipped="0" failures="0" errors="0" timestamp="2023-06-08T09:14:23" hostname="DENNIS-XPS-15" time="0.001">
  <properties/>
  <testcase name="createTest()" classname="sayit.CreateEmailTest" time="0.001"/>
  <system-out><![CDATA[]]></system-out>
  <system-err><![CDATA[]]></system-err>
</testsuite>
