<?xml version="1.0" encoding="UTF-8"?>
<<<<<<< HEAD
<testsuite name="sayit.SaveEmailTest" tests="1" skipped="0" failures="0" errors="0" timestamp="2023-06-08T17:50:20" hostname="DENNIS-XPS-15" time="0.001">
  <properties/>
  <testcase name="parseTest()" classname="sayit.SaveEmailTest" time="0.001"/>
=======
<testsuite name="sayit.SaveEmailTest" tests="1" skipped="0" failures="0" errors="0" timestamp="2023-06-08T07:24:21" hostname="LAPTOP-NHC17941" time="0.011">
  <properties/>
  <testcase name="parseTest()" classname="sayit.SaveEmailTest" time="0.011"/>
>>>>>>> main
  <system-out><![CDATA[]]></system-out>
  <system-err><![CDATA[]]></system-err>
</testsuite>
