<?xml version="1.0" encoding="UTF-8"?>
<testsuite name="sayit.ParseVoiceTest" tests="5" skipped="0" failures="0" errors="0" timestamp="2023-06-08T07:24:21" hostname="LAPTOP-NHC17941" time="0.067">
  <properties/>
  <testcase name="parsingIntentSetUp()" classname="sayit.ParseVoiceTest" time="0.006"/>
  <testcase name="parsingIntentClearAll()" classname="sayit.ParseVoiceTest" time="0.008"/>
  <testcase name="parsingIntentDelete()" classname="sayit.ParseVoiceTest" time="0.013"/>
  <testcase name="parsingIntentQuestion()" classname="sayit.ParseVoiceTest" time="0.003"/>
  <testcase name="parsingQueryQuestion()" classname="sayit.ParseVoiceTest" time="0.004"/>
  <system-out><![CDATA[Intent declared as Set Up Email
Intent declared as Clear
Intent declared as Delete
Intent declared as Delete
Intent declared as Question
]]></system-out>
  <system-err><![CDATA[]]></system-err>
</testsuite>
