<?xml version="1.0" encoding="UTF-8"?>
<<<<<<< HEAD
<testsuite name="sayit.ParseVoiceTest" tests="4" skipped="0" failures="0" errors="0" timestamp="2023-06-07T23:22:31" hostname="DENNIS-XPS-15" time="0.005">
  <properties/>
  <testcase name="parsingIntentClearAll()" classname="sayit.ParseVoiceTest" time="0.002"/>
  <testcase name="parsingIntentDelete()" classname="sayit.ParseVoiceTest" time="0.0"/>
  <testcase name="parsingIntentQuestion()" classname="sayit.ParseVoiceTest" time="0.0"/>
  <testcase name="parsingQueryQuestion()" classname="sayit.ParseVoiceTest" time="0.0"/>
  <system-out><![CDATA[Intent declared as Clear
=======
<testsuite name="sayit.ParseVoiceTest" tests="4" skipped="0" failures="0" errors="0" timestamp="2023-06-04T04:32:50" hostname="LAPTOP-NHC17941" time="0.043">
  <properties/>
  <testcase name="parsingIntentClearAll()" classname="sayit.ParseVoiceTest" time="0.016"/>
  <testcase name="parsingIntentDelete()" classname="sayit.ParseVoiceTest" time="0.004"/>
  <testcase name="parsingIntentQuestion()" classname="sayit.ParseVoiceTest" time="0.007"/>
  <testcase name="parsingQueryQuestion()" classname="sayit.ParseVoiceTest" time="0.005"/>
  <system-out><![CDATA[Intent declared as Clear
Intent declared as Delete
Intent declared as Delete
Intent declared as Question
>>>>>>> US8
]]></system-out>
  <system-err><![CDATA[]]></system-err>
</testsuite>
