<?xml version="1.0" encoding="UTF-8"?>
<testsuite name="sayit.ParseVoiceTest" tests="4" skipped="0" failures="0" errors="0" timestamp="2023-06-08T05:45:03" hostname="DENNIS-XPS-15" time="0.004">
  <properties/>
  <testcase name="parsingIntentClearAll()" classname="sayit.ParseVoiceTest" time="0.002"/>
  <testcase name="parsingIntentDelete()" classname="sayit.ParseVoiceTest" time="0.0"/>
  <testcase name="parsingIntentQuestion()" classname="sayit.ParseVoiceTest" time="0.0"/>
  <testcase name="parsingQueryQuestion()" classname="sayit.ParseVoiceTest" time="0.0"/>
  <system-out><![CDATA[Intent declared as Clear
Intent declared as Delete
Intent declared as Delete
Intent declared as Question
]]></system-out>
  <system-err><![CDATA[]]></system-err>
</testsuite>
