<?xml version="1.0" encoding="UTF-8"?>
<testsuite name="sayit.StorageTest" tests="4" skipped="0" failures="0" errors="0" timestamp="2023-06-08T17:05:50" hostname="DENNIS-XPS-15" time="0.017">
  <properties/>
  <testcase name="addQuestion()" classname="sayit.StorageTest" time="0.003"/>
  <testcase name="getAnswer()" classname="sayit.StorageTest" time="0.004"/>
  <testcase name="clearAll()" classname="sayit.StorageTest" time="0.001"/>
  <testcase name="deleteQuestion()" classname="sayit.StorageTest" time="0.0"/>
  <system-out><![CDATA[]]></system-out>
  <system-err><![CDATA[]]></system-err>
</testsuite>
