<?xml version="1.0" encoding="UTF-8"?>
<testsuite name="sayit.Story3Test2" tests="1" skipped="0" failures="0" errors="0" timestamp="2023-06-06T05:43:13" hostname="LAPTOP-NHC17941" time="0.012">
  <properties/>
  <testcase name="testDeleteQuestionWithSelection()" classname="sayit.Story3Test2" time="0.012"/>
  <system-out><![CDATA[]]></system-out>
  <system-err><![CDATA[]]></system-err>
</testsuite>
