<?xml version="1.0" encoding="UTF-8"?>
<testsuite name="sayit.ConnectTest" tests="2" skipped="0" failures="0" errors="0" timestamp="2023-05-31T00:04:13" hostname="LAPTOP-NHC17941" time="0.015">
  <properties/>
  <testcase name="audioNotFound()" classname="sayit.ConnectTest" time="0.006"/>
  <testcase name="audioFound()" classname="sayit.ConnectTest" time="0.002"/>
  <system-out><![CDATA[]]></system-out>
  <system-err><![CDATA[]]></system-err>
</testsuite>
