<?xml version="1.0" encoding="UTF-8"?>
<<<<<<< HEAD
<testsuite name="sayit.StorageTest" tests="4" skipped="0" failures="0" errors="0" timestamp="2023-06-08T05:45:03" hostname="DENNIS-XPS-15" time="0.003">
  <properties/>
  <testcase name="addQuestion()" classname="sayit.StorageTest" time="0.001"/>
  <testcase name="getAnswer()" classname="sayit.StorageTest" time="0.001"/>
  <testcase name="clearAll()" classname="sayit.StorageTest" time="0.0"/>
  <testcase name="deleteQuestion()" classname="sayit.StorageTest" time="0.001"/>
=======
<testsuite name="sayit.StorageTest" tests="4" skipped="0" failures="0" errors="0" timestamp="2023-06-08T05:38:50" hostname="LAPTOP-NHC17941" time="0.023">
  <properties/>
  <testcase name="addQuestion()" classname="sayit.StorageTest" time="0.004"/>
  <testcase name="getAnswer()" classname="sayit.StorageTest" time="0.005"/>
  <testcase name="clearAll()" classname="sayit.StorageTest" time="0.002"/>
  <testcase name="deleteQuestion()" classname="sayit.StorageTest" time="0.002"/>
>>>>>>> US10
  <system-out><![CDATA[]]></system-out>
  <system-err><![CDATA[]]></system-err>
</testsuite>
