<?xml version="1.0" encoding="UTF-8"?>
<testsuite name="sayit.ButtonCoordinatorTest" tests="4" skipped="0" failures="0" errors="0" timestamp="2023-05-31T00:04:13" hostname="LAPTOP-NHC17941" time="0.439">
  <properties/>
  <testcase name="testgetCurQ()" classname="sayit.ButtonCoordinatorTest" time="0.001"/>
  <testcase name="testsetCurQ()" classname="sayit.ButtonCoordinatorTest" time="0.001"/>
  <testcase name="testgetCurButton()" classname="sayit.ButtonCoordinatorTest" time="0.425"/>
  <testcase name="testsetCurButton()" classname="sayit.ButtonCoordinatorTest" time="0.007"/>
  <system-out><![CDATA[]]></system-out>
  <system-err><![CDATA[]]></system-err>
</testsuite>
