<?xml version="1.0" encoding="UTF-8"?>
<testsuite name="sayit.ParseVoiceTest" tests="4" skipped="0" failures="0" errors="0" timestamp="2023-06-06T05:43:12" hostname="LAPTOP-NHC17941" time="0.029">
  <properties/>
  <testcase name="parsingIntentClearAll()" classname="sayit.ParseVoiceTest" time="0.017"/>
  <testcase name="parsingIntentDelete()" classname="sayit.ParseVoiceTest" time="0.002"/>
  <testcase name="parsingIntentQuestion()" classname="sayit.ParseVoiceTest" time="0.003"/>
  <testcase name="parsingQueryQuestion()" classname="sayit.ParseVoiceTest" time="0.001"/>
  <system-out><![CDATA[Intent declared as Clear
Intent declared as Delete
Intent declared as Delete
Intent declared as Question
]]></system-out>
  <system-err><![CDATA[]]></system-err>
</testsuite>
