<?xml version="1.0" encoding="UTF-8"?>
<testsuite name="sayit.StorageTest" tests="4" skipped="0" failures="0" errors="0" timestamp="2023-05-15T03:43:12" hostname="LAPTOP-NHC17941" time="0.07">
  <properties/>
  <testcase name="addQuestion()" classname="sayit.StorageTest" time="0.01"/>
  <testcase name="getAnswer()" classname="sayit.StorageTest" time="0.004"/>
  <testcase name="clearAll()" classname="sayit.StorageTest" time="0.018"/>
  <testcase name="deleteQuestion()" classname="sayit.StorageTest" time="0.005"/>
  <system-out><![CDATA[]]></system-out>
  <system-err><![CDATA[]]></system-err>
</testsuite>
