<?xml version="1.0" encoding="UTF-8"?>
<testsuite name="sayit.ConnectTest" tests="2" skipped="0" failures="0" errors="0" timestamp="2023-05-30T04:54:35" hostname="DENNIS-XPS-15" time="0.001">
  <properties/>
  <testcase name="audioNotFound()" classname="sayit.ConnectTest" time="0.0"/>
  <testcase name="audioFound()" classname="sayit.ConnectTest" time="0.0"/>
  <system-out><![CDATA[]]></system-out>
  <system-err><![CDATA[]]></system-err>
</testsuite>
