<?xml version="1.0" encoding="UTF-8"?>
<<<<<<< HEAD
<testsuite name="sayit.StorageTest" tests="4" skipped="0" failures="0" errors="0" timestamp="2023-05-15T04:30:41" hostname="DESKTOP-R65DMBE" time="0.002">
  <properties/>
  <testcase name="addQuestion()" classname="sayit.StorageTest" time="0.0"/>
  <testcase name="getAnswer()" classname="sayit.StorageTest" time="0.0"/>
  <testcase name="clearAll()" classname="sayit.StorageTest" time="0.001"/>
  <testcase name="deleteQuestion()" classname="sayit.StorageTest" time="0.0"/>
=======
<testsuite name="sayit.StorageTest" tests="4" skipped="0" failures="0" errors="0" timestamp="2023-05-15T03:43:12" hostname="LAPTOP-NHC17941" time="0.07">
  <properties/>
  <testcase name="addQuestion()" classname="sayit.StorageTest" time="0.01"/>
  <testcase name="getAnswer()" classname="sayit.StorageTest" time="0.004"/>
  <testcase name="clearAll()" classname="sayit.StorageTest" time="0.018"/>
  <testcase name="deleteQuestion()" classname="sayit.StorageTest" time="0.005"/>
>>>>>>> main
  <system-out><![CDATA[]]></system-out>
  <system-err><![CDATA[]]></system-err>
</testsuite>
