<?xml version="1.0" encoding="UTF-8"?>
<testsuite name="sayit.Story3Test1" tests="1" skipped="0" failures="0" errors="0" timestamp="2023-06-06T17:25:41" hostname="DENNIS-XPS-15" time="0.0">
  <properties/>
  <testcase name="testDeleteQuestionWithoutSelection()" classname="sayit.Story3Test1" time="0.0"/>
  <system-out><![CDATA[]]></system-out>
  <system-err><![CDATA[]]></system-err>
</testsuite>
