<?xml version="1.0" encoding="UTF-8"?>
<testsuite name="sayit.StorageTest" tests="4" skipped="0" failures="0" errors="0" timestamp="2023-05-12T19:42:08" hostname="LAPTOP-NHC17941" time="0.217">
  <properties/>
  <testcase name="addQuestion()" classname="sayit.StorageTest" time="0.146"/>
  <testcase name="getAnswer()" classname="sayit.StorageTest" time="0.005"/>
  <testcase name="clearAll()" classname="sayit.StorageTest" time="0.003"/>
  <testcase name="deleteQuestion()" classname="sayit.StorageTest" time="0.014"/>
  <system-out><![CDATA[]]></system-out>
  <system-err><![CDATA[]]></system-err>
</testsuite>
